## default num
# Set the default entry to the entry number NUM. Numbering starts from 0, and
# the entry number 0 is the default if the command is not used.
default		1

## timeout sec
# Set a timeout, in SEC seconds, before automatically booting the default entry
# (normally the first entry defined).
timeout		5

# Pretty colours
color cyan/blue white/blue
gfxmenu (hd0,4)/boot/message

title	Debian GNU/Linux, kernel  
root	(hd0,4)
kernel	/boot/vmlinuz root=/dev/hda5 ro
initrd	/boot/initrd.img
boot

title	System Loader
root	(hd0,4)
kernel	/boot/vmlinuz ro quiet root=/dev/ram0 sysload=block://(/dev/hda5,ext3)/boot/boot_menu.config
initrd	/boot/initrd.sysload
boot
